# JRE version: Java(TM) SE Runtime Environment (7.0_80-b15) (build 1.7.0_80-b15)
# Java VM: Java HotSpot(TM) 64-Bit Server VM (24.80-b11 mixed mode linux-amd64 compressed oops)
Heap
 PSYoungGen      total 250368K, used 0K [0x00000000eaa80000, 0x00000000fff00000, 0x0000000100000000)
  eden space 213504K, 0% used [0x00000000eaa80000,0x00000000eaa80000,0x00000000f7b00000)
  from space 36864K, 0% used [0x00000000f7b00000,0x00000000f7b00000,0x00000000f9f00000)
  to   space 67584K, 0% used [0x00000000fbd00000,0x00000000fbd00000,0x00000000fff00000)
 ParOldGen       total 252928K, used 244933K [0x00000000c0000000, 0x00000000cf700000, 0x00000000eaa80000)
  object space 252928K, 96% used [0x00000000c0000000,0x00000000cef31458,0x00000000cf700000)
 PSPermGen       total 21504K, used 6140K [0x00000000bae00000, 0x00000000bc300000, 0x00000000c0000000)
  object space 21504K, 28% used [0x00000000bae00000,0x00000000bb3ff090,0x00000000bc300000)
GC Heap History (10 events):
Event: 26,447 GC heap after
Heap after GC invocations=11 (full 1):
 PSYoungGen      total 274432K, used 52309K [0x00000000eaa80000, 0x0000000100000000, 0x0000000100000000)
  eden space 213504K, 0% used [0x00000000eaa80000,0x00000000eaa80000,0x00000000f7b00000)
  from space 60928K, 85% used [0x00000000fc480000,0x00000000ff795650,0x0000000100000000)
  to   space 68096K, 0% used [0x00000000f7b00000,0x00000000f7b00000,0x00000000fbd80000)
 ParOldGen       total 150528K, used 89860K [0x00000000c0000000, 0x00000000c9300000, 0x00000000eaa80000)
  object space 150528K, 59% used [0x00000000c0000000,0x00000000c57c1210,0x00000000c9300000)
 PSPermGen       total 21504K, used 6098K [0x00000000bae00000, 0x00000000bc300000, 0x00000000c0000000)
  object space 21504K, 28% used [0x00000000bae00000,0x00000000bb3f4aa8,0x00000000bc300000)
}
Event: 27,726 GC heap before
{Heap before GC invocations=12 (full 1):
 PSYoungGen      total 274432K, used 265813K [0x00000000eaa80000, 0x0000000100000000, 0x0000000100000000)
  eden space 213504K, 100% used [0x00000000eaa80000,0x00000000f7b00000,0x00000000f7b00000)
  from space 60928K, 85% used [0x00000000fc480000,0x00000000ff795650,0x0000000100000000)
  to   space 68096K, 0% used [0x00000000f7b00000,0x00000000f7b00000,0x00000000fbd80000)
 ParOldGen       total 150528K, used 89860K [0x00000000c0000000, 0x00000000c9300000, 0x00000000eaa80000)
  object space 150528K, 59% used [0x00000000c0000000,0x00000000c57c1210,0x00000000c9300000)
 PSPermGen       total 21504K, used 6121K [0x00000000bae00000, 0x00000000bc300000, 0x00000000c0000000)
  object space 21504K, 28% used [0x00000000bae00000,0x00000000bb3fa7a8,0x00000000bc300000)
Event: 28,531 GC heap after
Heap after GC invocations=12 (full 1):
 PSYoungGen      total 281600K, used 37374K [0x00000000eaa80000, 0x0000000100000000, 0x0000000100000000)
  eden space 213504K, 0% used [0x00000000eaa80000,0x00000000eaa80000,0x00000000f7b00000)
  from space 68096K, 54% used [0x00000000f7b00000,0x00000000f9f7f8c8,0x00000000fbd80000)
  to   space 68096K, 0% used [0x00000000fbd80000,0x00000000fbd80000,0x0000000100000000)
 ParOldGen       total 150528K, used 140913K [0x00000000c0000000, 0x00000000c9300000, 0x00000000eaa80000)
  object space 150528K, 93% used [0x00000000c0000000,0x00000000c899c4e0,0x00000000c9300000)
 PSPermGen       total 21504K, used 6121K [0x00000000bae00000, 0x00000000bc300000, 0x00000000c0000000)
  object space 21504K, 28% used [0x00000000bae00000,0x00000000bb3fa7a8,0x00000000bc300000)
}
Event: 28,531 GC heap before
{Heap before GC invocations=13 (full 2):
 PSYoungGen      total 281600K, used 37374K [0x00000000eaa80000, 0x0000000100000000, 0x0000000100000000)
  eden space 213504K, 0% used [0x00000000eaa80000,0x00000000eaa80000,0x00000000f7b00000)
  from space 68096K, 54% used [0x00000000f7b00000,0x00000000f9f7f8c8,0x00000000fbd80000)
  to   space 68096K, 0% used [0x00000000fbd80000,0x00000000fbd80000,0x0000000100000000)
 ParOldGen       total 150528K, used 140913K [0x00000000c0000000, 0x00000000c9300000, 0x00000000eaa80000)
  object space 150528K, 93% used [0x00000000c0000000,0x00000000c899c4e0,0x00000000c9300000)
 PSPermGen       total 21504K, used 6121K [0x00000000bae00000, 0x00000000bc300000, 0x00000000c0000000)
  object space 21504K, 28% used [0x00000000bae00000,0x00000000bb3fa7a8,0x00000000bc300000)
Event: 29,662 GC heap after
Heap after GC invocations=13 (full 2):
 PSYoungGen      total 281600K, used 24851K [0x00000000eaa80000, 0x0000000100000000, 0x0000000100000000)
  eden space 213504K, 0% used [0x00000000eaa80000,0x00000000eaa80000,0x00000000f7b00000)
  from space 68096K, 36% used [0x00000000f7b00000,0x00000000f9344ee0,0x00000000fbd80000)
  to   space 68096K, 0% used [0x00000000fbd80000,0x00000000fbd80000,0x0000000100000000)
 ParOldGen       total 252928K, used 150385K [0x00000000c0000000, 0x00000000cf700000, 0x00000000eaa80000)
  object space 252928K, 59% used [0x00000000c0000000,0x00000000c92dc418,0x00000000cf700000)
 PSPermGen       total 21504K, used 6121K [0x00000000bae00000, 0x00000000bc300000, 0x00000000c0000000)
  object space 21504K, 28% used [0x00000000bae00000,0x00000000bb3fa568,0x00000000bc300000)
}
Event: 30,709 GC heap before
{Heap before GC invocations=14 (full 2):
 PSYoungGen      total 281600K, used 238355K [0x00000000eaa80000, 0x0000000100000000, 0x0000000100000000)
  eden space 213504K, 100% used [0x00000000eaa80000,0x00000000f7b00000,0x00000000f7b00000)
  from space 68096K, 36% used [0x00000000f7b00000,0x00000000f9344ee0,0x00000000fbd80000)
  to   space 68096K, 0% used [0x00000000fbd80000,0x00000000fbd80000,0x0000000100000000)
 ParOldGen       total 252928K, used 150385K [0x00000000c0000000, 0x00000000cf700000, 0x00000000eaa80000)
  object space 252928K, 59% used [0x00000000c0000000,0x00000000c92dc418,0x00000000cf700000)
 PSPermGen       total 21504K, used 6128K [0x00000000bae00000, 0x00000000bc300000, 0x00000000c0000000)
  object space 21504K, 28% used [0x00000000bae00000,0x00000000bb3fc340,0x00000000bc300000)
Event: 31,278 GC heap after
Heap after GC invocations=14 (full 2):
 PSYoungGen      total 281600K, used 37632K [0x00000000eaa80000, 0x0000000100000000, 0x0000000100000000)
  eden space 213504K, 0% used [0x00000000eaa80000,0x00000000eaa80000,0x00000000f7b00000)
  from space 68096K, 55% used [0x00000000fbd80000,0x00000000fe2400f8,0x0000000100000000)
  to   space 68096K, 0% used [0x00000000f7b00000,0x00000000f7b00000,0x00000000fbd80000)
 ParOldGen       total 252928K, used 173801K [0x00000000c0000000, 0x00000000cf700000, 0x00000000eaa80000)
  object space 252928K, 68% used [0x00000000c0000000,0x00000000ca9ba418,0x00000000cf700000)
 PSPermGen       total 21504K, used 6128K [0x00000000bae00000, 0x00000000bc300000, 0x00000000c0000000)
  object space 21504K, 28% used [0x00000000bae00000,0x00000000bb3fc340,0x00000000bc300000)
}
Event: 31,977 GC heap before
{Heap before GC invocations=15 (full 2):
 PSYoungGen      total 281600K, used 251136K [0x00000000eaa80000, 0x0000000100000000, 0x0000000100000000)
  eden space 213504K, 100% used [0x00000000eaa80000,0x00000000f7b00000,0x00000000f7b00000)
  from space 68096K, 55% used [0x00000000fbd80000,0x00000000fe2400f8,0x0000000100000000)
  to   space 68096K, 0% used [0x00000000f7b00000,0x00000000f7b00000,0x00000000fbd80000)
 ParOldGen       total 252928K, used 173801K [0x00000000c0000000, 0x00000000cf700000, 0x00000000eaa80000)
  object space 252928K, 68% used [0x00000000c0000000,0x00000000ca9ba418,0x00000000cf700000)
 PSPermGen       total 21504K, used 6140K [0x00000000bae00000, 0x00000000bc300000, 0x00000000c0000000)
  object space 21504K, 28% used [0x00000000bae00000,0x00000000bb3ff110,0x00000000bc300000)
Event: 34,020 GC heap after
Heap after GC invocations=15 (full 2):
 PSYoungGen      total 250368K, used 36504K [0x00000000eaa80000, 0x00000000fff00000, 0x0000000100000000)
  eden space 213504K, 0% used [0x00000000eaa80000,0x00000000eaa80000,0x00000000f7b00000)
  from space 36864K, 99% used [0x00000000f7b00000,0x00000000f9ea61a0,0x00000000f9f00000)
  to   space 67584K, 0% used [0x00000000fbd00000,0x00000000fbd00000,0x00000000fff00000)
 ParOldGen       total 252928K, used 209520K [0x00000000c0000000, 0x00000000cf700000, 0x00000000eaa80000)
  object space 252928K, 82% used [0x00000000c0000000,0x00000000ccc9c380,0x00000000cf700000)
 PSPermGen       total 21504K, used 6140K [0x00000000bae00000, 0x00000000bc300000, 0x00000000c0000000)
  object space 21504K, 28% used [0x00000000bae00000,0x00000000bb3ff110,0x00000000bc300000)
}
Event: 34,020 GC heap before
{Heap before GC invocations=16 (full 3):
 PSYoungGen      total 250368K, used 36504K [0x00000000eaa80000, 0x00000000fff00000, 0x0000000100000000)
  eden space 213504K, 0% used [0x00000000eaa80000,0x00000000eaa80000,0x00000000f7b00000)
  from space 36864K, 99% used [0x00000000f7b00000,0x00000000f9ea61a0,0x00000000f9f00000)
  to   space 67584K, 0% used [0x00000000fbd00000,0x00000000fbd00000,0x00000000fff00000)
 ParOldGen       total 252928K, used 209520K [0x00000000c0000000, 0x00000000cf700000, 0x00000000eaa80000)
  object space 252928K, 82% used [0x00000000c0000000,0x00000000ccc9c380,0x00000000cf700000)
 PSPermGen       total 21504K, used 6140K [0x00000000bae00000, 0x00000000bc300000, 0x00000000c0000000)
  object space 21504K, 28% used [0x00000000bae00000,0x00000000bb3ff110,0x00000000bc300000)

